<?xml version="1.0" encoding="UTF-8"?>
<!-- Generated by org.testng.reporters.JUnitReportReporter -->
<testsuite hostname="KARISHMA" failures="0" tests="2" name="venni.TestNG1" time="0.016" errors="0" timestamp="2022-12-15T11:56:49 IST" skipped="0">
  <testcase classname="venni.TestNG1" name="Hyderabad" time="0.014"/>
  <system-out/>
  <testcase classname="venni.TestNG1" name="Ameerpet" time="0.002"/>
  <system-out/>
</testsuite> <!-- venni.TestNG1 -->
