<?xml version="1.0" encoding="UTF-8"?>
<!-- Generated by org.testng.reporters.JUnitReportReporter -->
<testsuite hostname="KARISHMA" failures="0" tests="2" name="venni.TestNG4" time="0.014" errors="0" timestamp="2022-12-07T18:25:46 IST" skipped="0">
  <testcase classname="venni.TestNG4" name="Haryana" time="0.011"/>
  <system-out/>
  <testcase classname="venni.TestNG4" name="Warangal" time="0.003"/>
  <system-out/>
</testsuite> <!-- venni.TestNG4 -->
