<?xml version="1.0" encoding="UTF-8"?>
<!-- Generated by org.testng.reporters.JUnitReportReporter -->
<testsuite hostname="KARISHMA" failures="0" tests="2" name="venni.TestNG2" time="0.017" errors="0" timestamp="2022-12-07T18:28:18 IST" skipped="0">
  <testcase classname="venni.TestNG2" name="Mumbai" time="0.016"/>
  <system-out/>
  <testcase classname="venni.TestNG2" name="Pune" time="0.001"/>
  <system-out/>
</testsuite> <!-- venni.TestNG2 -->
