<?xml version="1.0" encoding="UTF-8"?>
<!-- Generated by org.testng.reporters.JUnitReportReporter -->
<testsuite hostname="KARISHMA" failures="0" tests="2" name="venni.TestNG3" time="0.015" errors="0" timestamp="2022-12-07T18:28:44 IST" skipped="0">
  <testcase classname="venni.TestNG3" name="Vizag" time="0.014"/>
  <system-out/>
  <testcase classname="venni.TestNG3" name="Goa" time="0.001"/>
  <system-out/>
</testsuite> <!-- venni.TestNG3 -->
